[0m[[0m[0mdebug[0m] [0m[0m> Exec(test, Some(b96fe10f-091c-4de6-9cae-fe6c98453f61), Some(CommandSource(console0)))[0m
[0m[[0m[0mdebug[0m] [0m[0mEvaluating tasks: Test / test[0m
[0m[[0m[0mdebug[0m] [0m[0mRunning task... Cancel: Signal, check cycles: false, forcegc: true[0m
[0m[[0m[0minfo[0m] [0m[0mcompiling 1 Scala source to /home/harry09119/my_chisel_base/target/scala-2.12/classes ...[0m
[0m[[0m[0minfo[0m] [0m[0mcompiling 1 Scala source to /home/harry09119/my_chisel_base/target/scala-2.12/test-classes ...[0m
[0m[[0m[0minfo[0m] [0m[0m[32mBaseTest:[0m[0m
[0m[[0m[0minfo[0m] [0m[0m[32mBase[0m[0m
[0m[[0m[0minfo[0m] [0m[0m[32m- should produce right output[0m[0m
[0m[[0m[0minfo[0m] [0m[0m[32mtmp_sum_check:[0m[0m
[0m[[0m[0minfo[0m] [0m[0m[32mDense_PE_Array_sum_check[0m[0m
[0m[[0m[0minfo[0m] [0m[0m[32m- should produce right output[0m[0m
[0m[[0m[0minfo[0m] [0m[0mScalaTest[0m
[0m[[0m[0minfo[0m] [0m[0m[36mRun completed in 2 seconds, 364 milliseconds.[0m[0m
[0m[[0m[0minfo[0m] [0m[0m[36mTotal number of tests run: 2[0m[0m
[0m[[0m[0minfo[0m] [0m[0m[36mSuites: completed 2, aborted 0[0m[0m
[0m[[0m[0minfo[0m] [0m[0m[36mTests: succeeded 2, failed 0, canceled 0, ignored 0, pending 0[0m[0m
[0m[[0m[0minfo[0m] [0m[0m[32mAll tests passed.[0m[0m
[0m[[0m[0minfo[0m] [0m[0mPassed: Total 2, Failed 0, Errors 0, Passed 2[0m
[0m[[0m[32msuccess[0m] [0m[0mTotal time: 10 s, completed Jan 13, 2024 2:05:15 AM[0m
[0m[[0m[0mdebug[0m] [0m[0m> Exec(shell, None, None)[0m
