[0m[[0m[0mdebug[0m] [0m[0m> Exec(testOnly uvp_array.TMP_Test, Some(d36828f2-fc12-469d-833d-b99003b150e9), Some(CommandSource(console0)))[0m
[0m[[0m[0mdebug[0m] [0m[0mEvaluating tasks: Test / testOnly[0m
[0m[[0m[0mdebug[0m] [0m[0mRunning task... Cancel: Signal, check cycles: false, forcegc: true[0m
[0m[[0m[0minfo[0m] [0m[0mcompiling 1 Scala source to /home/harry09119/my_chisel_base/target/scala-2.12/test-classes ...[0m
[0m[[0m[33mwarn[0m] [0m[0mCanceling execution...[0m
[0m[[0m[0minfo[0m] [0m[0m[32mTMP_Test:[0m[0m
[0m[[0m[0minfo[0m] [0m[0m[32mHeadPE[0m[0m
[0m[[0m[0minfo[0m] [0m[0m[31m- should produce right output *** FAILED ***[0m[0m
[0m[[0m[0minfo[0m] [0m[0m[31m  java.lang.InterruptedException:[0m[0m
[0m[[0m[0minfo[0m] [0m[0m[31m  at java.util.concurrent.locks.AbstractQueuedSynchronizer.doAcquireSharedInterruptibly(AbstractQueuedSynchronizer.java:998)[0m[0m
[0m[[0m[0minfo[0m] [0m[0m[31m  at java.util.concurrent.locks.AbstractQueuedSynchronizer.acquireSharedInterruptibly(AbstractQueuedSynchronizer.java:1304)[0m[0m
[0m[[0m[0minfo[0m] [0m[0m[31m  at java.util.concurrent.Semaphore.acquire(Semaphore.java:312)[0m[0m
[0m[[0m[0minfo[0m] [0m[0m[31m  at chiseltest.internal.ThreadedBackend.$anonfun$runThreads$2(ThreadedBackend.scala:575)[0m[0m
[0m[[0m[0minfo[0m] [0m[0m[31m  at chiseltest.internal.ThreadedBackend.$anonfun$runThreads$2$adapted(ThreadedBackend.scala:570)[0m[0m
[0m[[0m[0minfo[0m] [0m[0m[31m  at scala.collection.immutable.List.foreach(List.scala:431)[0m[0m
[0m[[0m[0minfo[0m] [0m[0m[31m  at chiseltest.internal.ThreadedBackend.runThreads(ThreadedBackend.scala:570)[0m[0m
[0m[[0m[0minfo[0m] [0m[0m[31m  at chiseltest.internal.ThreadedBackend.runThreads$(ThreadedBackend.scala:552)[0m[0m
[0m[[0m[0minfo[0m] [0m[0m[31m  at chiseltest.backends.treadle.TreadleBackend.runThreads(TreadleBackend.scala:13)[0m[0m
[0m[[0m[0minfo[0m] [0m[0m[31m  at chiseltest.backends.treadle.TreadleBackend.run(TreadleBackend.scala:184)[0m[0m
[0m[[0m[0minfo[0m] [0m[0m[31m  ...[0m[0m
[0m[[0m[31merror[0m] [0m[0mCancelled: testOnly uvp_array.TMP_Test[0m
[0m[[0m[31merror[0m] [0m[0mCancelled: testOnly uvp_array.TMP_Test[0m
[0m[[0m[31merror[0m] [0m[0mUse 'last' for the full log.[0m
[0m[[0m[0mdebug[0m] [0m[0m> Exec(shell, None, None)[0m
[0m[[0m[0minfo[0m] [0m[0mshutting down sbt server[0m
