[0m[[0m[0mdebug[0m] [0m[0m> Exec(evicted, Some(22bab1aa-24b3-4b5e-9a5b-85efa2b11787), Some(CommandSource(console0)))[0m
[0m[[0m[0mdebug[0m] [0m[0mEvaluating tasks: evicted[0m
[0m[[0m[0mdebug[0m] [0m[0mRunning task... Cancel: Signal, check cycles: false, forcegc: true[0m
[0m[[0m[33mwarn[0m] [0m[0mFound version conflict(s) in library dependencies; some are suspected to be binary incompatible:[0m
[0m[[0m[33mwarn[0m] [0m[0m	* edu.berkeley.cs:chisel3_2.12:3.4.1 is selected over 3.3.1[0m
[0m[[0m[33mwarn[0m] [0m[0m	    +- %ORGANIZATION%:base_2.12:0.1.0                     (depends on 3.4.1)[0m
[0m[[0m[33mwarn[0m] [0m[0m	    +- edu.berkeley.cs:chisel-iotesters_2.12:1.4.1        (depends on 3.3.1)[0m
[0m[[0m[33mwarn[0m] [0m[0m	* org.scala-lang.modules:scala-xml_2.12:2.1.0 is selected over 1.2.0[0m
[0m[[0m[33mwarn[0m] [0m[0m	    +- org.apache.spark:spark-core_2.12:3.5.0             (depends on 2.1.0)[0m
[0m[[0m[33mwarn[0m] [0m[0m	    +- org.scalatest:scalatest_2.12:3.0.8                 (depends on 1.2.0)[0m
[0m[[0m[33mwarn[0m] [0m[0m	* org.apache.yetus:audience-annotations:0.13.0 is selected over {0.5.0, 0.5.0}[0m
[0m[[0m[33mwarn[0m] [0m[0m	    +- org.apache.parquet:parquet-hadoop:1.13.1           (depends on 0.13.0)[0m
[0m[[0m[33mwarn[0m] [0m[0m	    +- org.apache.parquet:parquet-column:1.13.1           (depends on 0.13.0)[0m
[0m[[0m[33mwarn[0m] [0m[0m	    +- org.apache.zookeeper:zookeeper-jute:3.6.3          (depends on 0.5.0)[0m
[0m[[0m[33mwarn[0m] [0m[0m	    +- org.apache.zookeeper:zookeeper:3.6.3               (depends on 0.5.0)[0m
[0m[[0m[33mwarn[0m] [0m[0m	* io.netty:netty-transport-native-epoll:4.1.96.Final is selected over {4.1.63.Final, 4.1.63.Final, 4.1.63.Final}[0m
[0m[[0m[33mwarn[0m] [0m[0m	    +- org.apache.spark:spark-network-common_2.12:3.5.0   (depends on 4.1.96.Final)[0m
[0m[[0m[33mwarn[0m] [0m[0m	    +- org.apache.spark:spark-core_2.12:3.5.0             (depends on 4.1.96.Final)[0m
[0m[[0m[33mwarn[0m] [0m[0m	    +- io.netty:netty-all:4.1.96.Final                    (depends on 4.1.96.Final)[0m
[0m[[0m[33mwarn[0m] [0m[0m	    +- org.apache.zookeeper:zookeeper:3.6.3               (depends on 4.1.63.Final)[0m
[0m[[0m[33mwarn[0m] [0m[0m	* io.netty:netty-handler:4.1.96.Final is selected over {4.1.63.Final, 4.1.63.Final}[0m
[0m[[0m[33mwarn[0m] [0m[0m	    +- io.netty:netty-all:4.1.96.Final                    (depends on 4.1.96.Final)[0m
[0m[[0m[33mwarn[0m] [0m[0m	    +- org.apache.zookeeper:zookeeper:3.6.3               (depends on 4.1.63.Final)[0m
[0m[[0m[33mwarn[0m] [0m[0m	* org.json4s:json4s-core_2.12:3.7.0-M11 is selected over {3.6.9, 3.6.9}[0m
[0m[[0m[33mwarn[0m] [0m[0m	    +- org.json4s:json4s-jackson_2.12:3.7.0-M11           (depends on 3.7.0-M11)[0m
[0m[[0m[33mwarn[0m] [0m[0m	    +- org.json4s:json4s-native_2.12:3.6.9                (depends on 3.6.9)[0m
[0m[[0m[33mwarn[0m] [0m[0m	* io.airlift:aircompressor:0.25 is selected over {0.21, 0.21}[0m
[0m[[0m[33mwarn[0m] [0m[0m	    +- org.apache.orc:orc-core:1.9.1                      (depends on 0.25)[0m
[0m[[0m[33mwarn[0m] [0m[0m	    +- org.apache.parquet:parquet-hadoop:1.13.1           (depends on 0.21)[0m
[0m[[0m[33mwarn[0m] [0m[0m	* edu.berkeley.cs:firrtl_2.12:1.4.1 is selected over {1.3.1, 1.3.1, 1.3.1}[0m
[0m[[0m[33mwarn[0m] [0m[0m	    +- edu.berkeley.cs:chisel3-core_2.12:3.4.1            (depends on 1.4.1)[0m
[0m[[0m[33mwarn[0m] [0m[0m	    +- edu.berkeley.cs:treadle_2.12:1.2.1                 (depends on 1.3.1)[0m
[0m[[0m[33mwarn[0m] [0m[0m	    +- edu.berkeley.cs:firrtl-interpreter_2.12:1.3.1      (depends on 1.3.1)[0m
[0m[[0m[33mwarn[0m] [0m[0m	    +- edu.berkeley.cs:chisel-iotesters_2.12:1.4.1        (depends on 1.3.1)[0m
[0m[[0m[33mwarn[0m] [0m[0m	* org.slf4j:slf4j-api:2.0.7 is selected over {1.7.10, 1.7.36, 1.7.36, 1.7.36, 1.7.36, 1.7.25, 1.7.25, 1.7.25, 1.7.36, 1.7.36, 1.7.36, 1.7.36, 1.7.30, 1.7.36, 1.7.22, 1.7.22, 1.7.22, 1.7.22, 1.7.5}[0m
[0m[[0m[33mwarn[0m] [0m[0m	    +- org.slf4j:jcl-over-slf4j:2.0.7                     (depends on 2.0.7)[0m
[0m[[0m[33mwarn[0m] [0m[0m	    +- org.apache.spark:spark-common-utils_2.12:3.5.0     (depends on 2.0.7)[0m
[0m[[0m[33mwarn[0m] [0m[0m	    +- org.slf4j:jul-to-slf4j:2.0.7                       (depends on 2.0.7)[0m
[0m[[0m[33mwarn[0m] [0m[0m	    +- org.apache.orc:orc-core:1.9.1                      (depends on 2.0.7)[0m
[0m[[0m[33mwarn[0m] [0m[0m	    +- org.apache.orc:orc-shims:1.9.1                     (depends on 2.0.7)[0m
[0m[[0m[33mwarn[0m] [0m[0m	    +- org.scalanlp:breeze_2.12:2.1.0                     (depends on 1.7.5)[0m
[0m[[0m[33mwarn[0m] [0m[0m	    +- org.apache.parquet:parquet-hadoop:1.13.1           (depends on 1.7.22)[0m
[0m[[0m[33mwarn[0m] [0m[0m	    +- org.apache.parquet:parquet-encoding:1.13.1         (depends on 1.7.22)[0m
[0m[[0m[33mwarn[0m] [0m[0m	    +- org.apache.parquet:parquet-common:1.13.1           (depends on 1.7.22)[0m
[0m[[0m[33mwarn[0m] [0m[0m	    +- org.apache.parquet:parquet-column:1.13.1           (depends on 1.7.22)[0m
[0m[[0m[33mwarn[0m] [0m[0m	    +- org.apache.logging.log4j:log4j-slf4j2-impl:2.20.0  (depends on 1.7.36)[0m
[0m[[0m[33mwarn[0m] [0m[0m	    +- org.apache.hive:hive-storage-api:2.8.1             (depends on 1.7.30)[0m
[0m[[0m[33mwarn[0m] [0m[0m	    +- org.apache.hadoop:hadoop-client-runtime:3.3.4      (depends on 1.7.36)[0m
[0m[[0m[33mwarn[0m] [0m[0m	    +- org.apache.avro:avro-mapred:1.11.2                 (depends on 1.7.36)[0m
[0m[[0m[33mwarn[0m] [0m[0m	    +- org.apache.avro:avro-ipc:1.11.2                    (depends on 1.7.36)[0m
[0m[[0m[33mwarn[0m] [0m[0m	    +- org.apache.avro:avro:1.11.2                        (depends on 1.7.36)[0m
[0m[[0m[33mwarn[0m] [0m[0m	    +- org.apache.arrow:arrow-vector:12.0.1               (depends on 1.7.25)[0m
[0m[[0m[33mwarn[0m] [0m[0m	    +- org.apache.arrow:arrow-memory-netty:12.0.1         (depends on 1.7.25)[0m
[0m[[0m[33mwarn[0m] [0m[0m	    +- org.apache.arrow:arrow-memory-core:12.0.1          (depends on 1.7.25)[0m
[0m[[0m[33mwarn[0m] [0m[0m	    +- io.dropwizard.metrics:metrics-jvm:4.2.19           (depends on 1.7.36)[0m
[0m[[0m[33mwarn[0m] [0m[0m	    +- io.dropwizard.metrics:metrics-jmx:4.2.19           (depends on 1.7.36)[0m
[0m[[0m[33mwarn[0m] [0m[0m	    +- io.dropwizard.metrics:metrics-graphite:4.2.19      (depends on 1.7.36)[0m
[0m[[0m[33mwarn[0m] [0m[0m	    +- io.dropwizard.metrics:metrics-core:4.2.19          (depends on 1.7.36)[0m
[0m[[0m[33mwarn[0m] [0m[0m	    +- com.clearspring.analytics:stream:2.9.6             (depends on 1.7.10)[0m
[0m[[0m[0minfo[0m] [0m[0mHere are other dependency conflicts that were resolved:[0m
[0m[[0m[0minfo[0m] [0m[0m	* joda-time:joda-time:2.12.5 is selected over {2.10.1, 2.10.1}[0m
[0m[[0m[0minfo[0m] [0m[0m	    +- com.google.crypto.tink:tink:1.9.0                  (depends on 2.12.5)[0m
[0m[[0m[0minfo[0m] [0m[0m	    +- com.github.nscala-time:nscala-time_2.12:2.22.0     (depends on 2.10.1)[0m
[0m[[0m[0minfo[0m] [0m[0m	* dev.ludovic.netlib:lapack:3.0.3 is selected over 3.0.1[0m
[0m[[0m[0minfo[0m] [0m[0m	    +- org.apache.spark:spark-mllib_2.12:3.5.0            (depends on 3.0.3)[0m
[0m[[0m[0minfo[0m] [0m[0m	    +- org.scalanlp:breeze_2.12:2.1.0                     (depends on 3.0.1)[0m
[0m[[0m[0minfo[0m] [0m[0m	* dev.ludovic.netlib:arpack:3.0.3 is selected over 3.0.1[0m
[0m[[0m[0minfo[0m] [0m[0m	    +- org.apache.spark:spark-mllib_2.12:3.5.0            (depends on 3.0.3)[0m
[0m[[0m[0minfo[0m] [0m[0m	    +- org.scalanlp:breeze_2.12:2.1.0                     (depends on 3.0.1)[0m
[0m[[0m[0minfo[0m] [0m[0m	* com.google.code.findbugs:jsr305:3.0.2 is selected over {3.0.0, 3.0.0, 3.0.0}[0m
[0m[[0m[0minfo[0m] [0m[0m	    +- org.apache.hadoop:hadoop-client-runtime:3.3.4      (depends on 3.0.2)[0m
[0m[[0m[0minfo[0m] [0m[0m	    +- com.google.crypto.tink:tink:1.9.0                  (depends on 3.0.2)[0m
[0m[[0m[0minfo[0m] [0m[0m	    +- org.apache.arrow:arrow-memory-core:12.0.1          (depends on 3.0.2)[0m
[0m[[0m[0minfo[0m] [0m[0m	    +- org.apache.spark:spark-unsafe_2.12:3.5.0           (depends on 3.0.0)[0m
[0m[[0m[0minfo[0m] [0m[0m	    +- org.apache.spark:spark-network-common_2.12:3.5.0   (depends on 3.0.0)[0m
[0m[[0m[0minfo[0m] [0m[0m	    +- org.apache.spark:spark-core_2.12:3.5.0             (depends on 3.0.0)[0m
[0m[[0m[0minfo[0m] [0m[0m	* dev.ludovic.netlib:blas:3.0.3 is selected over 3.0.1[0m
[0m[[0m[0minfo[0m] [0m[0m	    +- org.apache.spark:spark-mllib-local_2.12:3.5.0      (depends on 3.0.3)[0m
[0m[[0m[0minfo[0m] [0m[0m	    +- org.apache.spark:spark-graphx_2.12:3.5.0           (depends on 3.0.3)[0m
[0m[[0m[0minfo[0m] [0m[0m	    +- org.apache.spark:spark-mllib_2.12:3.5.0            (depends on 3.0.3)[0m
[0m[[0m[0minfo[0m] [0m[0m	    +- org.scalanlp:breeze_2.12:2.1.0                     (depends on 3.0.1)[0m
[0m[[0m[0minfo[0m] [0m[0m	* org.antlr:antlr4-runtime:4.9.3 is selected over 4.7.1[0m
[0m[[0m[0minfo[0m] [0m[0m	    +- org.apache.spark:spark-sql-api_2.12:3.5.0          (depends on 4.9.3)[0m
[0m[[0m[0minfo[0m] [0m[0m	    +- edu.berkeley.cs:firrtl_2.12:1.4.1                  (depends on 4.7.1)[0m
[0m[[0m[0minfo[0m] [0m[0m	* org.apache.commons:commons-compress:1.23.0 is selected over 1.22[0m
[0m[[0m[0minfo[0m] [0m[0m	    +- org.apache.spark:spark-core_2.12:3.5.0             (depends on 1.23.0)[0m
[0m[[0m[0minfo[0m] [0m[0m	    +- org.apache.avro:avro:1.11.2                        (depends on 1.22)[0m
[0m[[0m[0minfo[0m] [0m[0m	* org.json4s:json4s-native_2.12:3.6.9 is selected over 3.6.8[0m
[0m[[0m[0minfo[0m] [0m[0m	    +- edu.berkeley.cs:firrtl_2.12:1.4.1                  (depends on 3.6.9)[0m
[0m[[0m[0minfo[0m] [0m[0m	    +- edu.berkeley.cs:treadle_2.12:1.2.1                 (depends on 3.6.8)[0m
[0m[[0m[0minfo[0m] [0m[0m	* com.fasterxml.jackson.core:jackson-core:2.15.2 is selected over {2.12.7, 2.14.2, 2.14.2, 2.14.2}[0m
[0m[[0m[0minfo[0m] [0m[0m	    +- org.apache.spark:spark-kvstore_2.12:3.5.0          (depends on 2.15.2)[0m
[0m[[0m[0minfo[0m] [0m[0m	    +- com.fasterxml.jackson.module:jackson-module-scala_2.12:2.15.2 (depends on 2.15.2)[0m
[0m[[0m[0minfo[0m] [0m[0m	    +- com.fasterxml.jackson.core:jackson-databind:2.15.2 (depends on 2.15.2)[0m
[0m[[0m[0minfo[0m] [0m[0m	    +- org.apache.avro:avro-mapred:1.11.2                 (depends on 2.14.2)[0m
[0m[[0m[0minfo[0m] [0m[0m	    +- org.apache.avro:avro-ipc:1.11.2                    (depends on 2.14.2)[0m
[0m[[0m[0minfo[0m] [0m[0m	    +- org.apache.avro:avro:1.11.2                        (depends on 2.14.2)[0m
[0m[[0m[0minfo[0m] [0m[0m	    +- io.dropwizard.metrics:metrics-json:4.2.19          (depends on 2.12.7)[0m
[0m[[0m[0minfo[0m] [0m[0m	* org.scala-lang.modules:scala-collection-compat_2.12:2.7.0 is selected over {2.2.0, 2.2.0, 2.2.0, 2.2.0}[0m
[0m[[0m[0minfo[0m] [0m[0m	    +- org.scalanlp:breeze_2.12:2.1.0                     (depends on 2.7.0)[0m
[0m[[0m[0minfo[0m] [0m[0m	    +- org.typelevel:spire_2.12:0.17.0                    (depends on 2.2.0)[0m
[0m[[0m[0minfo[0m] [0m[0m	    +- org.typelevel:spire-util_2.12:0.17.0               (depends on 2.2.0)[0m
[0m[[0m[0minfo[0m] [0m[0m	    +- org.typelevel:spire-platform_2.12:0.17.0           (depends on 2.2.0)[0m
[0m[[0m[0minfo[0m] [0m[0m	    +- org.typelevel:spire-macros_2.12:0.17.0             (depends on 2.2.0)[0m
[0m[[0m[0minfo[0m] [0m[0m	* commons-codec:commons-codec:1.16.0 is selected over 1.15[0m
[0m[[0m[0minfo[0m] [0m[0m	    +- org.apache.spark:spark-core_2.12:3.5.0             (depends on 1.16.0)[0m
[0m[[0m[0minfo[0m] [0m[0m	    +- org.apache.spark:spark-catalyst_2.12:3.5.0         (depends on 1.16.0)[0m
[0m[[0m[0minfo[0m] [0m[0m	    +- org.apache.arrow:arrow-vector:12.0.1               (depends on 1.15)[0m
[0m[[0m[0minfo[0m] [0m[0m	* org.xerial.snappy:snappy-java:1.1.10.3 is selected over {1.1.10.1, 1.1.8.2, 1.1.8.2, 1.1.8.3}[0m
[0m[[0m[0minfo[0m] [0m[0m	    +- org.apache.spark:spark-core_2.12:3.5.0             (depends on 1.1.10.3)[0m
[0m[[0m[0minfo[0m] [0m[0m	    +- org.apache.parquet:parquet-hadoop:1.13.1           (depends on 1.1.8.3)[0m
[0m[[0m[0minfo[0m] [0m[0m	    +- org.apache.hadoop:hadoop-client-runtime:3.3.4      (depends on 1.1.8.2)[0m
[0m[[0m[0minfo[0m] [0m[0m	    +- org.apache.hadoop:hadoop-client-api:3.3.4          (depends on 1.1.8.2)[0m
[0m[[0m[0minfo[0m] [0m[0m	    +- org.apache.avro:avro-ipc:1.11.2                    (depends on 1.1.10.1)[0m
[0m[[0m[0minfo[0m] [0m[0m	* com.github.luben:zstd-jni:1.5.5-4 is selected over 1.5.0-1[0m
[0m[[0m[0minfo[0m] [0m[0m	    +- org.apache.spark:spark-core_2.12:3.5.0             (depends on 1.5.5-4)[0m
[0m[[0m[0minfo[0m] [0m[0m	    +- org.apache.parquet:parquet-hadoop:1.13.1           (depends on 1.5.0-1)[0m
[0m[[0m[0minfo[0m] [0m[0m	* org.apache.commons:commons-text:1.10.0 is selected over 1.8[0m
[0m[[0m[0minfo[0m] [0m[0m	    +- org.apache.spark:spark-common-utils_2.12:3.5.0     (depends on 1.10.0)[0m
[0m[[0m[0minfo[0m] [0m[0m	    +- org.apache.spark:spark-core_2.12:3.5.0             (depends on 1.10.0)[0m
[0m[[0m[0minfo[0m] [0m[0m	    +- edu.berkeley.cs:firrtl_2.12:1.4.1                  (depends on 1.8)[0m
[0m[[0m[0minfo[0m] [0m[0m	* com.fasterxml.jackson.core:jackson-databind:2.15.2 is selected over {2.15.1, 2.12.7.1, 2.15.1, 2.14.2, 2.14.2}[0m
[0m[[0m[0minfo[0m] [0m[0m	    +- org.apache.spark:spark-common-utils_2.12:3.5.0     (depends on 2.15.2)[0m
[0m[[0m[0minfo[0m] [0m[0m	    +- org.apache.spark:spark-network-common_2.12:3.5.0   (depends on 2.15.2)[0m
[0m[[0m[0minfo[0m] [0m[0m	    +- org.apache.spark:spark-core_2.12:3.5.0             (depends on 2.15.2)[0m
[0m[[0m[0minfo[0m] [0m[0m	    +- org.apache.spark:spark-kvstore_2.12:3.5.0          (depends on 2.15.2)[0m
[0m[[0m[0minfo[0m] [0m[0m	    +- org.apache.spark:spark-sql_2.12:3.5.0              (depends on 2.15.2)[0m
[0m[[0m[0minfo[0m] [0m[0m	    +- com.fasterxml.jackson.module:jackson-module-scala_2.12:2.15.2 (depends on 2.15.2)[0m
[0m[[0m[0minfo[0m] [0m[0m	    +- org.apache.avro:avro-ipc:1.11.2                    (depends on 2.14.2)[0m
[0m[[0m[0minfo[0m] [0m[0m	    +- org.apache.avro:avro:1.11.2                        (depends on 2.14.2)[0m
[0m[[0m[0minfo[0m] [0m[0m	    +- org.apache.arrow:arrow-vector:12.0.1               (depends on 2.15.1)[0m
[0m[[0m[0minfo[0m] [0m[0m	    +- io.dropwizard.metrics:metrics-json:4.2.19          (depends on 2.12.7.1)[0m
[0m[[0m[0minfo[0m] [0m[0m	    +- com.fasterxml.jackson.datatype:jackson-datatype-jsr310:2.15.1 (depends on 2.15.1)[0m
[0m[[0m[0minfo[0m] [0m[0m	* com.google.protobuf:protobuf-java:3.19.6 is selected over 3.9.0[0m
[0m[[0m[0minfo[0m] [0m[0m	    +- com.google.crypto.tink:tink:1.9.0                  (depends on 3.19.6)[0m
[0m[[0m[0minfo[0m] [0m[0m	    +- edu.berkeley.cs:firrtl_2.12:1.4.1                  (depends on 3.9.0)[0m
[0m[[0m[0minfo[0m] [0m[0m	* org.apache.zookeeper:zookeeper:3.6.3 is selected over {3.4.8, 3.4.8}[0m
[0m[[0m[0minfo[0m] [0m[0m	    +- org.apache.spark:spark-core_2.12:3.5.0             (depends on 3.6.3)[0m
[0m[[0m[0minfo[0m] [0m[0m	    +- org.apache.curator:curator-client:2.13.0           (depends on 3.4.8)[0m
[0m[[0m[32msuccess[0m] [0m[0mTotal time: 2 s, completed Feb 27, 2024 1:50:41 PM[0m
[0m[[0m[0mdebug[0m] [0m[0m> Exec(shell, None, None)[0m
[0m[[0m[0mdebug[0m] [0m[0mForcing garbage collection...[0m
