[0m[[0m[0mdebug[0m] [0m[0m> Exec(testOnly uvp_array.Spark_Test, Some(7e684cc0-94ab-473b-9d49-242efec23da2), Some(CommandSource(console0)))[0m
[0m[[0m[0mdebug[0m] [0m[0mEvaluating tasks: Test / testOnly[0m
[0m[[0m[0mdebug[0m] [0m[0mRunning task... Cancel: Signal, check cycles: false, forcegc: true[0m
[0m[[0m[0minfo[0m] [0m[0mUpdating [0m
[0m[[0m[0minfo[0m] [0m[0mResolved  dependencies[0m
[0m[[0m[0minfo[0m] [0m[0mFetching artifacts of [0m
[0m[[0m[0minfo[0m] [0m[0mFetched artifacts of [0m
[0m[[0m[33mwarn[0m] [0m[0mThere may be incompatibilities among your library dependencies; run 'evicted' to see detailed eviction warnings.[0m
[0m[[0m[0minfo[0m] [0m[0mcompiling 1 Scala source to /home/harry09119/my_chisel_base/target/scala-2.12/test-classes ...[0m
[0m[[0m[0minfo[0m] [0m[0m[32mSpark_Test:[0m[0m
[0m[[0m[0minfo[0m] [0m[0m[32mHeadPE[0m[0m
[0m[[0m[0minfo[0m] [0m[0m[31muvp_array.Spark_Test *** ABORTED ***[0m[0m
[0m[[0m[0minfo[0m] [0m[0m[31m  java.lang.NoSuchMethodError: org.json4s.FullTypeHints.<init>(Lscala/collection/immutable/List;)V[0m[0m
[0m[[0m[0minfo[0m] [0m[0m[31m  at firrtl.annotations.JsonProtocol$.jsonFormat(JsonProtocol.scala:209)[0m[0m
[0m[[0m[0minfo[0m] [0m[0m[31m  at firrtl.annotations.JsonProtocol$.serializeTry(JsonProtocol.scala:238)[0m[0m
[0m[[0m[0minfo[0m] [0m[0m[31m  at firrtl.annotations.JsonProtocol$.serialize(JsonProtocol.scala:221)[0m[0m
[0m[[0m[0minfo[0m] [0m[0m[31m  at firrtl.options.phases.WriteOutputAnnotations.transform(WriteOutputAnnotations.scala:67)[0m[0m
[0m[[0m[0minfo[0m] [0m[0m[31m  at firrtl.options.phases.WriteOutputAnnotations.transform(WriteOutputAnnotations.scala:16)[0m[0m
[0m[[0m[0minfo[0m] [0m[0m[31m  at firrtl.options.phases.DeletedWrapper.internalTransform(DeletedWrapper.scala:38)[0m[0m
[0m[[0m[0minfo[0m] [0m[0m[31m  at firrtl.options.phases.DeletedWrapper.internalTransform(DeletedWrapper.scala:15)[0m[0m
[0m[[0m[0minfo[0m] [0m[0m[31m  at firrtl.options.Translator.transform(Phase.scala:248)[0m[0m
[0m[[0m[0minfo[0m] [0m[0m[31m  at firrtl.options.Translator.transform$(Phase.scala:248)[0m[0m
[0m[[0m[0minfo[0m] [0m[0m[31m  at firrtl.options.phases.DeletedWrapper.transform(DeletedWrapper.scala:15)[0m[0m
[0m[[0m[0minfo[0m] [0m[0m[31m  ...[0m[0m
[0m[[0m[31merror[0m] [0m[0mjava.lang.NoSuchMethodError: org.json4s.FullTypeHints.<init>(Lscala/collection/immutable/List;)V[0m
[0m[[0m[31merror[0m] [0m[0m	at firrtl.annotations.JsonProtocol$.jsonFormat(JsonProtocol.scala:209)[0m
[0m[[0m[31merror[0m] [0m[0m	at firrtl.annotations.JsonProtocol$.serializeTry(JsonProtocol.scala:238)[0m
[0m[[0m[31merror[0m] [0m[0m	at firrtl.annotations.JsonProtocol$.serialize(JsonProtocol.scala:221)[0m
[0m[[0m[31merror[0m] [0m[0m	at firrtl.options.phases.WriteOutputAnnotations.transform(WriteOutputAnnotations.scala:67)[0m
[0m[[0m[31merror[0m] [0m[0m	at firrtl.options.phases.WriteOutputAnnotations.transform(WriteOutputAnnotations.scala:16)[0m
[0m[[0m[31merror[0m] [0m[0m	at firrtl.options.phases.DeletedWrapper.internalTransform(DeletedWrapper.scala:38)[0m
[0m[[0m[31merror[0m] [0m[0m	at firrtl.options.phases.DeletedWrapper.internalTransform(DeletedWrapper.scala:15)[0m
[0m[[0m[31merror[0m] [0m[0m	at firrtl.options.Translator.transform(Phase.scala:248)[0m
[0m[[0m[31merror[0m] [0m[0m	at firrtl.options.Translator.transform$(Phase.scala:248)[0m
[0m[[0m[31merror[0m] [0m[0m	at firrtl.options.phases.DeletedWrapper.transform(DeletedWrapper.scala:15)[0m
[0m[[0m[31merror[0m] [0m[0m	at firrtl.options.Stage.$anonfun$transform$5(Stage.scala:47)[0m
[0m[[0m[31merror[0m] [0m[0m	at scala.collection.LinearSeqOptimized.foldLeft(LinearSeqOptimized.scala:126)[0m
[0m[[0m[31merror[0m] [0m[0m	at scala.collection.LinearSeqOptimized.foldLeft$(LinearSeqOptimized.scala:122)[0m
[0m[[0m[31merror[0m] [0m[0m	at scala.collection.immutable.List.foldLeft(List.scala:91)[0m
[0m[[0m[31merror[0m] [0m[0m	at firrtl.options.Stage.$anonfun$transform$3(Stage.scala:47)[0m
[0m[[0m[31merror[0m] [0m[0m	at logger.Logger$.$anonfun$makeScope$2(Logger.scala:166)[0m
[0m[[0m[31merror[0m] [0m[0m	at scala.util.DynamicVariable.withValue(DynamicVariable.scala:62)[0m
[0m[[0m[31merror[0m] [0m[0m	at logger.Logger$.makeScope(Logger.scala:164)[0m
[0m[[0m[31merror[0m] [0m[0m	at firrtl.options.Stage.transform(Stage.scala:47)[0m
[0m[[0m[31merror[0m] [0m[0m	at chisel3.stage.phases.MaybeFirrtlStage.$anonfun$transform$2(MaybeFirrtlStage.scala:22)[0m
[0m[[0m[31merror[0m] [0m[0m	at scala.Option.getOrElse(Option.scala:189)[0m
[0m[[0m[31merror[0m] [0m[0m	at chisel3.stage.phases.MaybeFirrtlStage.transform(MaybeFirrtlStage.scala:22)[0m
[0m[[0m[31merror[0m] [0m[0m	at chisel3.stage.phases.MaybeFirrtlStage.transform(MaybeFirrtlStage.scala:13)[0m
[0m[[0m[31merror[0m] [0m[0m	at firrtl.options.phases.DeletedWrapper.internalTransform(DeletedWrapper.scala:38)[0m
[0m[[0m[31merror[0m] [0m[0m	at firrtl.options.phases.DeletedWrapper.internalTransform(DeletedWrapper.scala:15)[0m
[0m[[0m[31merror[0m] [0m[0m	at firrtl.options.Translator.transform(Phase.scala:248)[0m
[0m[[0m[31merror[0m] [0m[0m	at firrtl.options.Translator.transform$(Phase.scala:248)[0m
[0m[[0m[31merror[0m] [0m[0m	at firrtl.options.phases.DeletedWrapper.transform(DeletedWrapper.scala:15)[0m
[0m[[0m[31merror[0m] [0m[0m	at firrtl.options.DependencyManager.$anonfun$transform$3(DependencyManager.scala:278)[0m
[0m[[0m[31merror[0m] [0m[0m	at scala.collection.LinearSeqOptimized.foldLeft(LinearSeqOptimized.scala:126)[0m
[0m[[0m[31merror[0m] [0m[0m	at scala.collection.LinearSeqOptimized.foldLeft$(LinearSeqOptimized.scala:122)[0m
[0m[[0m[31merror[0m] [0m[0m	at scala.collection.immutable.List.foldLeft(List.scala:91)[0m
[0m[[0m[31merror[0m] [0m[0m	at firrtl.options.DependencyManager.transform(DependencyManager.scala:269)[0m
[0m[[0m[31merror[0m] [0m[0m	at firrtl.options.DependencyManager.transform$(DependencyManager.scala:255)[0m
[0m[[0m[31merror[0m] [0m[0m	at firrtl.options.PhaseManager.transform(DependencyManager.scala:436)[0m
[0m[[0m[31merror[0m] [0m[0m	at chisel3.stage.ChiselStage.run(ChiselStage.scala:46)[0m
[0m[[0m[31merror[0m] [0m[0m	at chiseltest.backends.treadle.TreadleExecutive$.start(TreadleExecutive.scala:48)[0m
[0m[[0m[31merror[0m] [0m[0m	at chiseltest.defaults.package$.createDefaultTester(defaults.scala:24)[0m
[0m[[0m[31merror[0m] [0m[0m	at chiseltest.ChiselScalatestTester$TestBuilder.apply(ChiselScalatestTester.scala:33)[0m
[0m[[0m[31merror[0m] [0m[0m	at uvp_array.Spark_Test.$anonfun$new$1(Spark_Test.scala:16)[0m
[0m[[0m[31merror[0m] [0m[0m	at scala.runtime.java8.JFunction0$mcV$sp.apply(JFunction0$mcV$sp.java:23)[0m
[0m[[0m[31merror[0m] [0m[0m	at org.scalatest.OutcomeOf.outcomeOf(OutcomeOf.scala:85)[0m
[0m[[0m[31merror[0m] [0m[0m	at org.scalatest.OutcomeOf.outcomeOf$(OutcomeOf.scala:83)[0m
[0m[[0m[31merror[0m] [0m[0m	at org.scalatest.OutcomeOf$.outcomeOf(OutcomeOf.scala:104)[0m
[0m[[0m[31merror[0m] [0m[0m	at org.scalatest.Transformer.apply(Transformer.scala:22)[0m
[0m[[0m[31merror[0m] [0m[0m	at org.scalatest.Transformer.apply(Transformer.scala:20)[0m
[0m[[0m[31merror[0m] [0m[0m	at org.scalatest.FlatSpecLike$$anon$5.apply(FlatSpecLike.scala:1682)[0m
[0m[[0m[31merror[0m] [0m[0m	at org.scalatest.TestSuite.withFixture(TestSuite.scala:196)[0m
[0m[[0m[31merror[0m] [0m[0m	at org.scalatest.TestSuite.withFixture$(TestSuite.scala:195)[0m
[0m[[0m[31merror[0m] [0m[0m	at uvp_array.Spark_Test.chiseltest$ChiselScalatestTester$$super$withFixture(Spark_Test.scala:9)[0m
[0m[[0m[31merror[0m] [0m[0m	at chiseltest.ChiselScalatestTester.$anonfun$withFixture$1(ChiselScalatestTester.scala:50)[0m
[0m[[0m[31merror[0m] [0m[0m	at scala.util.DynamicVariable.withValue(DynamicVariable.scala:62)[0m
[0m[[0m[31merror[0m] [0m[0m	at chiseltest.ChiselScalatestTester.withFixture(ChiselScalatestTester.scala:50)[0m
[0m[[0m[31merror[0m] [0m[0m	at chiseltest.ChiselScalatestTester.withFixture$(ChiselScalatestTester.scala:47)[0m
[0m[[0m[31merror[0m] [0m[0m	at uvp_array.Spark_Test.withFixture(Spark_Test.scala:9)[0m
[0m[[0m[31merror[0m] [0m[0m	at org.scalatest.FlatSpecLike.invokeWithFixture$1(FlatSpecLike.scala:1680)[0m
[0m[[0m[31merror[0m] [0m[0m	at org.scalatest.FlatSpecLike.$anonfun$runTest$1(FlatSpecLike.scala:1692)[0m
[0m[[0m[31merror[0m] [0m[0m	at org.scalatest.SuperEngine.runTestImpl(Engine.scala:286)[0m
[0m[[0m[31merror[0m] [0m[0m	at org.scalatest.FlatSpecLike.runTest(FlatSpecLike.scala:1692)[0m
[0m[[0m[31merror[0m] [0m[0m	at org.scalatest.FlatSpecLike.runTest$(FlatSpecLike.scala:1674)[0m
[0m[[0m[31merror[0m] [0m[0m	at org.scalatest.FlatSpec.runTest(FlatSpec.scala:1685)[0m
[0m[[0m[31merror[0m] [0m[0m	at org.scalatest.FlatSpecLike.$anonfun$runTests$1(FlatSpecLike.scala:1750)[0m
[0m[[0m[31merror[0m] [0m[0m	at org.scalatest.SuperEngine.$anonfun$runTestsInBranch$1(Engine.scala:393)[0m
[0m[[0m[31merror[0m] [0m[0m	at scala.collection.immutable.List.foreach(List.scala:431)[0m
[0m[[0m[31merror[0m] [0m[0m	at org.scalatest.SuperEngine.traverseSubNodes$1(Engine.scala:381)[0m
[0m[[0m[31merror[0m] [0m[0m	at org.scalatest.SuperEngine.runTestsInBranch(Engine.scala:370)[0m
[0m[[0m[31merror[0m] [0m[0m	at org.scalatest.SuperEngine.$anonfun$runTestsInBranch$1(Engine.scala:407)[0m
[0m[[0m[31merror[0m] [0m[0m	at scala.collection.immutable.List.foreach(List.scala:431)[0m
[0m[[0m[31merror[0m] [0m[0m	at org.scalatest.SuperEngine.traverseSubNodes$1(Engine.scala:381)[0m
[0m[[0m[31merror[0m] [0m[0m	at org.scalatest.SuperEngine.runTestsInBranch(Engine.scala:376)[0m
[0m[[0m[31merror[0m] [0m[0m	at org.scalatest.SuperEngine.runTestsImpl(Engine.scala:458)[0m
[0m[[0m[31merror[0m] [0m[0m	at org.scalatest.FlatSpecLike.runTests(FlatSpecLike.scala:1750)[0m
[0m[[0m[31merror[0m] [0m[0m	at org.scalatest.FlatSpecLike.runTests$(FlatSpecLike.scala:1749)[0m
[0m[[0m[31merror[0m] [0m[0m	at org.scalatest.FlatSpec.runTests(FlatSpec.scala:1685)[0m
[0m[[0m[31merror[0m] [0m[0m	at org.scalatest.Suite.run(Suite.scala:1124)[0m
[0m[[0m[31merror[0m] [0m[0m	at org.scalatest.Suite.run$(Suite.scala:1106)[0m
[0m[[0m[31merror[0m] [0m[0m	at org.scalatest.FlatSpec.org$scalatest$FlatSpecLike$$super$run(FlatSpec.scala:1685)[0m
[0m[[0m[31merror[0m] [0m[0m	at org.scalatest.FlatSpecLike.$anonfun$run$1(FlatSpecLike.scala:1795)[0m
[0m[[0m[31merror[0m] [0m[0m	at org.scalatest.SuperEngine.runImpl(Engine.scala:518)[0m
[0m[[0m[31merror[0m] [0m[0m	at org.scalatest.FlatSpecLike.run(FlatSpecLike.scala:1795)[0m
[0m[[0m[31merror[0m] [0m[0m	at org.scalatest.FlatSpecLike.run$(FlatSpecLike.scala:1793)[0m
[0m[[0m[31merror[0m] [0m[0m	at org.scalatest.FlatSpec.run(FlatSpec.scala:1685)[0m
[0m[[0m[31merror[0m] [0m[0m	at org.scalatest.tools.Framework.org$scalatest$tools$Framework$$runSuite(Framework.scala:317)[0m
[0m[[0m[31merror[0m] [0m[0m	at org.scalatest.tools.Framework$ScalaTestTask.execute(Framework.scala:510)[0m
[0m[[0m[31merror[0m] [0m[0m	at sbt.TestRunner.runTest$1(TestFramework.scala:139)[0m
[0m[[0m[31merror[0m] [0m[0m	at sbt.TestRunner.run(TestFramework.scala:154)[0m
[0m[[0m[31merror[0m] [0m[0m	at sbt.TestFramework$$anon$3$$anonfun$$lessinit$greater$1.$anonfun$apply$1(TestFramework.scala:317)[0m
[0m[[0m[31merror[0m] [0m[0m	at sbt.TestFramework$.sbt$TestFramework$$withContextLoader(TestFramework.scala:277)[0m
[0m[[0m[31merror[0m] [0m[0m	at sbt.TestFramework$$anon$3$$anonfun$$lessinit$greater$1.apply(TestFramework.scala:317)[0m
[0m[[0m[31merror[0m] [0m[0m	at sbt.TestFramework$$anon$3$$anonfun$$lessinit$greater$1.apply(TestFramework.scala:317)[0m
[0m[[0m[31merror[0m] [0m[0m	at sbt.TestFunction.apply(TestFramework.scala:329)[0m
[0m[[0m[31merror[0m] [0m[0m	at sbt.Tests$.$anonfun$toTask$1(Tests.scala:422)[0m
[0m[[0m[31merror[0m] [0m[0m	at sbt.std.Transform$$anon$3.$anonfun$apply$2(Transform.scala:46)[0m
[0m[[0m[31merror[0m] [0m[0m	at sbt.std.Transform$$anon$4.work(Transform.scala:68)[0m
[0m[[0m[31merror[0m] [0m[0m	at sbt.Execute.$anonfun$submit$2(Execute.scala:282)[0m
[0m[[0m[31merror[0m] [0m[0m	at sbt.internal.util.ErrorHandling$.wideConvert(ErrorHandling.scala:23)[0m
[0m[[0m[31merror[0m] [0m[0m	at sbt.Execute.work(Execute.scala:291)[0m
[0m[[0m[31merror[0m] [0m[0m	at sbt.Execute.$anonfun$submit$1(Execute.scala:282)[0m
[0m[[0m[31merror[0m] [0m[0m	at sbt.ConcurrentRestrictions$$anon$4.$anonfun$submitValid$1(ConcurrentRestrictions.scala:265)[0m
[0m[[0m[31merror[0m] [0m[0m	at sbt.CompletionService$$anon$2.call(CompletionService.scala:64)[0m
[0m[[0m[31merror[0m] [0m[0m	at java.util.concurrent.FutureTask.run(FutureTask.java:266)[0m
[0m[[0m[31merror[0m] [0m[0m	at java.util.concurrent.Executors$RunnableAdapter.call(Executors.java:511)[0m
[0m[[0m[31merror[0m] [0m[0m	at java.util.concurrent.FutureTask.run(FutureTask.java:266)[0m
[0m[[0m[31merror[0m] [0m[0m	at java.util.concurrent.ThreadPoolExecutor.runWorker(ThreadPoolExecutor.java:1149)[0m
[0m[[0m[31merror[0m] [0m[0m	at java.util.concurrent.ThreadPoolExecutor$Worker.run(ThreadPoolExecutor.java:624)[0m
[0m[[0m[31merror[0m] [0m[0m	at java.lang.Thread.run(Thread.java:750)[0m
[0m[[0m[31merror[0m] [0m[0m(Test / [31mtestOnly[0m) java.lang.NoSuchMethodError: org.json4s.FullTypeHints.<init>(Lscala/collection/immutable/List;)V[0m
[0m[[0m[31merror[0m] [0m[0mTotal time: 31 s, completed Feb 27, 2024 1:17:04 PM[0m
[0m[[0m[0mdebug[0m] [0m[0m> Exec(shell, None, None)[0m
[0m[[0m[0minfo[0m] [0m[0mshutting down sbt server[0m
